Start testing: Jul 09 15:30 +05
----------------------------------------------------------
5/14 Testing: TestCaseSearchServer.TestTop5
5/14 Test: TestCaseSearchServer.TestTop5
Command: "/mnt/d/claude/Projects/Устройство на работу/GitHub-repos/cpp-search-engine/build_tmp/search_engine_tests" "--gtest_filter=TestCaseSearchServer.TestTop5" "--gtest_also_run_disabled_tests"
Directory: /mnt/d/claude/Projects/Устройство на работу/GitHub-repos/cpp-search-engine/build_tmp
"TestCaseSearchServer.TestTop5" start time: Jul 09 15:30 +05
Output:
----------------------------------------------------------
Running main() from /mnt/d/claude/Projects/Устройство на работу/GitHub-repos/cpp-search-engine/build_tmp/_deps/googletest-src/googletest/src/gtest_main.cc
Note: Google Test filter = TestCaseSearchServer.TestTop5
[==========] Running 1 test from 1 test suite.
[----------] Global test environment set-up.
[----------] 1 test from TestCaseSearchServer
[ RUN      ] TestCaseSearchServer.TestTop5
[       OK ] TestCaseSearchServer.TestTop5 (1 ms)
[----------] 1 test from TestCaseSearchServer (1 ms total)

[----------] Global test environment tear-down
[==========] 1 test from 1 test suite ran. (1 ms total)
[  PASSED  ] 1 test.
<end of output>
Test time =   0.00 sec
----------------------------------------------------------
Test Passed.
"TestCaseSearchServer.TestTop5" end time: Jul 09 15:30 +05
"TestCaseSearchServer.TestTop5" time elapsed: 00:00:00
----------------------------------------------------------

4/14 Testing: TestCaseSearchServer.TestSimple
4/14 Test: TestCaseSearchServer.TestSimple
Command: "/mnt/d/claude/Projects/Устройство на работу/GitHub-repos/cpp-search-engine/build_tmp/search_engine_tests" "--gtest_filter=TestCaseSearchServer.TestSimple" "--gtest_also_run_disabled_tests"
Directory: /mnt/d/claude/Projects/Устройство на работу/GitHub-repos/cpp-search-engine/build_tmp
"TestCaseSearchServer.TestSimple" start time: Jul 09 15:30 +05
Output:
----------------------------------------------------------
Running main() from /mnt/d/claude/Projects/Устройство на работу/GitHub-repos/cpp-search-engine/build_tmp/_deps/googletest-src/googletest/src/gtest_main.cc
Note: Google Test filter = TestCaseSearchServer.TestSimple
[==========] Running 1 test from 1 test suite.
[----------] Global test environment set-up.
[----------] 1 test from TestCaseSearchServer
[ RUN      ] TestCaseSearchServer.TestSimple
[       OK ] TestCaseSearchServer.TestSimple (1 ms)
[----------] 1 test from TestCaseSearchServer (1 ms total)

[----------] Global test environment tear-down
[==========] 1 test from 1 test suite ran. (1 ms total)
[  PASSED  ] 1 test.
<end of output>
Test time =   0.02 sec
----------------------------------------------------------
Test Passed.
"TestCaseSearchServer.TestSimple" end time: Jul 09 15:30 +05
"TestCaseSearchServer.TestSimple" time elapsed: 00:00:00
----------------------------------------------------------

3/14 Testing: TestCaseInvertedIndex.TestInvertedIndexMissingWord
3/14 Test: TestCaseInvertedIndex.TestInvertedIndexMissingWord
Command: "/mnt/d/claude/Projects/Устройство на работу/GitHub-repos/cpp-search-engine/build_tmp/search_engine_tests" "--gtest_filter=TestCaseInvertedIndex.TestInvertedIndexMissingWord" "--gtest_also_run_disabled_tests"
Directory: /mnt/d/claude/Projects/Устройство на работу/GitHub-repos/cpp-search-engine/build_tmp
"TestCaseInvertedIndex.TestInvertedIndexMissingWord" start time: Jul 09 15:30 +05
Output:
----------------------------------------------------------
Running main() from /mnt/d/claude/Projects/Устройство на работу/GitHub-repos/cpp-search-engine/build_tmp/_deps/googletest-src/googletest/src/gtest_main.cc
Note: Google Test filter = TestCaseInvertedIndex.TestInvertedIndexMissingWord
[==========] Running 1 test from 1 test suite.
[----------] Global test environment set-up.
[----------] 1 test from TestCaseInvertedIndex
[ RUN      ] TestCaseInvertedIndex.TestInvertedIndexMissingWord
[       OK ] TestCaseInvertedIndex.TestInvertedIndexMissingWord (1 ms)
[----------] 1 test from TestCaseInvertedIndex (1 ms total)

[----------] Global test environment tear-down
[==========] 1 test from 1 test suite ran. (1 ms total)
[  PASSED  ] 1 test.
<end of output>
Test time =   0.02 sec
----------------------------------------------------------
Test Passed.
"TestCaseInvertedIndex.TestInvertedIndexMissingWord" end time: Jul 09 15:30 +05
"TestCaseInvertedIndex.TestInvertedIndexMissingWord" time elapsed: 00:00:00
----------------------------------------------------------

2/14 Testing: TestCaseInvertedIndex.TestBasic2
2/14 Test: TestCaseInvertedIndex.TestBasic2
Command: "/mnt/d/claude/Projects/Устройство на работу/GitHub-repos/cpp-search-engine/build_tmp/search_engine_tests" "--gtest_filter=TestCaseInvertedIndex.TestBasic2" "--gtest_also_run_disabled_tests"
Directory: /mnt/d/claude/Projects/Устройство на работу/GitHub-repos/cpp-search-engine/build_tmp
"TestCaseInvertedIndex.TestBasic2" start time: Jul 09 15:30 +05
Output:
----------------------------------------------------------
Running main() from /mnt/d/claude/Projects/Устройство на работу/GitHub-repos/cpp-search-engine/build_tmp/_deps/googletest-src/googletest/src/gtest_main.cc
Note: Google Test filter = TestCaseInvertedIndex.TestBasic2
[==========] Running 1 test from 1 test suite.
[----------] Global test environment set-up.
[----------] 1 test from TestCaseInvertedIndex
[ RUN      ] TestCaseInvertedIndex.TestBasic2
[       OK ] TestCaseInvertedIndex.TestBasic2 (1 ms)
[----------] 1 test from TestCaseInvertedIndex (1 ms total)

[----------] Global test environment tear-down
[==========] 1 test from 1 test suite ran. (1 ms total)
[  PASSED  ] 1 test.
<end of output>
Test time =   0.03 sec
----------------------------------------------------------
Test Passed.
"TestCaseInvertedIndex.TestBasic2" end time: Jul 09 15:30 +05
"TestCaseInvertedIndex.TestBasic2" time elapsed: 00:00:00
----------------------------------------------------------

6/14 Testing: TestCaseConverterJSON.TestDocIdDoesNotShiftWhenFileMissing
6/14 Test: TestCaseConverterJSON.TestDocIdDoesNotShiftWhenFileMissing
Command: "/mnt/d/claude/Projects/Устройство на работу/GitHub-repos/cpp-search-engine/build_tmp/search_engine_tests" "--gtest_filter=TestCaseConverterJSON.TestDocIdDoesNotShiftWhenFileMissing" "--gtest_also_run_disabled_tests"
Directory: /mnt/d/claude/Projects/Устройство на работу/GitHub-repos/cpp-search-engine/build_tmp
"TestCaseConverterJSON.TestDocIdDoesNotShiftWhenFileMissing" start time: Jul 09 15:30 +05
Output:
----------------------------------------------------------
Running main() from /mnt/d/claude/Projects/Устройство на работу/GitHub-repos/cpp-search-engine/build_tmp/_deps/googletest-src/googletest/src/gtest_main.cc
Note: Google Test filter = TestCaseConverterJSON.TestDocIdDoesNotShiftWhenFileMissing
[==========] Running 1 test from 1 test suite.
[----------] Global test environment set-up.
[----------] 1 test from TestCaseConverterJSON
[ RUN      ] TestCaseConverterJSON.TestDocIdDoesNotShiftWhenFileMissing
Starting "SkillboxSearchEngine"
Warning: cannot open file resources/file002.txt
[       OK ] TestCaseConverterJSON.TestDocIdDoesNotShiftWhenFileMissing (1 ms)
[----------] 1 test from TestCaseConverterJSON (1 ms total)

[----------] Global test environment tear-down
[==========] 1 test from 1 test suite ran. (2 ms total)
[  PASSED  ] 1 test.
<end of output>
Test time =   0.03 sec
----------------------------------------------------------
Test Passed.
"TestCaseConverterJSON.TestDocIdDoesNotShiftWhenFileMissing" end time: Jul 09 15:30 +05
"TestCaseConverterJSON.TestDocIdDoesNotShiftWhenFileMissing" time elapsed: 00:00:00
----------------------------------------------------------

7/14 Testing: TestCaseConverterJSON.TestSingleResultFormat
7/14 Test: TestCaseConverterJSON.TestSingleResultFormat
Command: "/mnt/d/claude/Projects/Устройство на работу/GitHub-repos/cpp-search-engine/build_tmp/search_engine_tests" "--gtest_filter=TestCaseConverterJSON.TestSingleResultFormat" "--gtest_also_run_disabled_tests"
Directory: /mnt/d/claude/Projects/Устройство на работу/GitHub-repos/cpp-search-engine/build_tmp
"TestCaseConverterJSON.TestSingleResultFormat" start time: Jul 09 15:30 +05
Output:
----------------------------------------------------------
Running main() from /mnt/d/claude/Projects/Устройство на работу/GitHub-repos/cpp-search-engine/build_tmp/_deps/googletest-src/googletest/src/gtest_main.cc
Note: Google Test filter = TestCaseConverterJSON.TestSingleResultFormat
[==========] Running 1 test from 1 test suite.
[----------] Global test environment set-up.
[----------] 1 test from TestCaseConverterJSON
[ RUN      ] TestCaseConverterJSON.TestSingleResultFormat
[       OK ] TestCaseConverterJSON.TestSingleResultFormat (4 ms)
[----------] 1 test from TestCaseConverterJSON (4 ms total)

[----------] Global test environment tear-down
[==========] 1 test from 1 test suite ran. (4 ms total)
[  PASSED  ] 1 test.
<end of output>
Test time =   0.03 sec
----------------------------------------------------------
Test Passed.
"TestCaseConverterJSON.TestSingleResultFormat" end time: Jul 09 15:30 +05
"TestCaseConverterJSON.TestSingleResultFormat" time elapsed: 00:00:00
----------------------------------------------------------

8/14 Testing: TestCaseConverterJSON.TestConfigFileMissingThrows
8/14 Test: TestCaseConverterJSON.TestConfigFileMissingThrows
Command: "/mnt/d/claude/Projects/Устройство на работу/GitHub-repos/cpp-search-engine/build_tmp/search_engine_tests" "--gtest_filter=TestCaseConverterJSON.TestConfigFileMissingThrows" "--gtest_also_run_disabled_tests"
Directory: /mnt/d/claude/Projects/Устройство на работу/GitHub-repos/cpp-search-engine/build_tmp
"TestCaseConverterJSON.TestConfigFileMissingThrows" start time: Jul 09 15:30 +05
Output:
----------------------------------------------------------
Running main() from /mnt/d/claude/Projects/Устройство на работу/GitHub-repos/cpp-search-engine/build_tmp/_deps/googletest-src/googletest/src/gtest_main.cc
Note: Google Test filter = TestCaseConverterJSON.TestConfigFileMissingThrows
[==========] Running 1 test from 1 test suite.
[----------] Global test environment set-up.
[----------] 1 test from TestCaseConverterJSON
[ RUN      ] TestCaseConverterJSON.TestConfigFileMissingThrows
[       OK ] TestCaseConverterJSON.TestConfigFileMissingThrows (2 ms)
[----------] 1 test from TestCaseConverterJSON (2 ms total)

[----------] Global test environment tear-down
[==========] 1 test from 1 test suite ran. (2 ms total)
[  PASSED  ] 1 test.
<end of output>
Test time =   0.03 sec
----------------------------------------------------------
Test Passed.
"TestCaseConverterJSON.TestConfigFileMissingThrows" end time: Jul 09 15:30 +05
"TestCaseConverterJSON.TestConfigFileMissingThrows" time elapsed: 00:00:00
----------------------------------------------------------

11/14 Testing: TestCaseConverterJSON.TestAllConfiguredFilesMissingKeepDocIndexes
11/14 Test: TestCaseConverterJSON.TestAllConfiguredFilesMissingKeepDocIndexes
Command: "/mnt/d/claude/Projects/Устройство на работу/GitHub-repos/cpp-search-engine/build_tmp/search_engine_tests" "--gtest_filter=TestCaseConverterJSON.TestAllConfiguredFilesMissingKeepDocIndexes" "--gtest_also_run_disabled_tests"
Directory: /mnt/d/claude/Projects/Устройство на работу/GitHub-repos/cpp-search-engine/build_tmp
"TestCaseConverterJSON.TestAllConfiguredFilesMissingKeepDocIndexes" start time: Jul 09 15:30 +05
Output:
----------------------------------------------------------
Running main() from /mnt/d/claude/Projects/Устройство на работу/GitHub-repos/cpp-search-engine/build_tmp/_deps/googletest-src/googletest/src/gtest_main.cc
Note: Google Test filter = TestCaseConverterJSON.TestAllConfiguredFilesMissingKeepDocIndexes
[==========] Running 1 test from 1 test suite.
[----------] Global test environment set-up.
[----------] 1 test from TestCaseConverterJSON
[ RUN      ] TestCaseConverterJSON.TestAllConfiguredFilesMissingKeepDocIndexes
Starting "SkillboxSearchEngine"
Warning: cannot open file resources/file001.txt
Warning: cannot open file resources/file002.txt
Warning: cannot open file resources/file003.txt
[       OK ] TestCaseConverterJSON.TestAllConfiguredFilesMissingKeepDocIndexes (1 ms)
[----------] 1 test from TestCaseConverterJSON (1 ms total)

[----------] Global test environment tear-down
[==========] 1 test from 1 test suite ran. (1 ms total)
[  PASSED  ] 1 test.
<end of output>
Test time =   0.03 sec
----------------------------------------------------------
Test Passed.
"TestCaseConverterJSON.TestAllConfiguredFilesMissingKeepDocIndexes" end time: Jul 09 15:30 +05
"TestCaseConverterJSON.TestAllConfiguredFilesMissingKeepDocIndexes" time elapsed: 00:00:00
----------------------------------------------------------

9/14 Testing: TestCaseConverterJSON.TestConfigParseErrorThrows
9/14 Test: TestCaseConverterJSON.TestConfigParseErrorThrows
Command: "/mnt/d/claude/Projects/Устройство на работу/GitHub-repos/cpp-search-engine/build_tmp/search_engine_tests" "--gtest_filter=TestCaseConverterJSON.TestConfigParseErrorThrows" "--gtest_also_run_disabled_tests"
Directory: /mnt/d/claude/Projects/Устройство на работу/GitHub-repos/cpp-search-engine/build_tmp
"TestCaseConverterJSON.TestConfigParseErrorThrows" start time: Jul 09 15:30 +05
Output:
----------------------------------------------------------
Running main() from /mnt/d/claude/Projects/Устройство на работу/GitHub-repos/cpp-search-engine/build_tmp/_deps/googletest-src/googletest/src/gtest_main.cc
Note: Google Test filter = TestCaseConverterJSON.TestConfigParseErrorThrows
[==========] Running 1 test from 1 test suite.
[----------] Global test environment set-up.
[----------] 1 test from TestCaseConverterJSON
[ RUN      ] TestCaseConverterJSON.TestConfigParseErrorThrows
[       OK ] TestCaseConverterJSON.TestConfigParseErrorThrows (0 ms)
[----------] 1 test from TestCaseConverterJSON (0 ms total)

[----------] Global test environment tear-down
[==========] 1 test from 1 test suite ran. (0 ms total)
[  PASSED  ] 1 test.
<end of output>
Test time =   0.03 sec
----------------------------------------------------------
Test Passed.
"TestCaseConverterJSON.TestConfigParseErrorThrows" end time: Jul 09 15:30 +05
"TestCaseConverterJSON.TestConfigParseErrorThrows" time elapsed: 00:00:00
----------------------------------------------------------

10/14 Testing: TestCaseConverterJSON.TestConfigVersionMismatchThrows
10/14 Test: TestCaseConverterJSON.TestConfigVersionMismatchThrows
Command: "/mnt/d/claude/Projects/Устройство на работу/GitHub-repos/cpp-search-engine/build_tmp/search_engine_tests" "--gtest_filter=TestCaseConverterJSON.TestConfigVersionMismatchThrows" "--gtest_also_run_disabled_tests"
Directory: /mnt/d/claude/Projects/Устройство на работу/GitHub-repos/cpp-search-engine/build_tmp
"TestCaseConverterJSON.TestConfigVersionMismatchThrows" start time: Jul 09 15:30 +05
Output:
----------------------------------------------------------
Running main() from /mnt/d/claude/Projects/Устройство на работу/GitHub-repos/cpp-search-engine/build_tmp/_deps/googletest-src/googletest/src/gtest_main.cc
Note: Google Test filter = TestCaseConverterJSON.TestConfigVersionMismatchThrows
[==========] Running 1 test from 1 test suite.
[----------] Global test environment set-up.
[----------] 1 test from TestCaseConverterJSON
[ RUN      ] TestCaseConverterJSON.TestConfigVersionMismatchThrows
[       OK ] TestCaseConverterJSON.TestConfigVersionMismatchThrows (1 ms)
[----------] 1 test from TestCaseConverterJSON (1 ms total)

[----------] Global test environment tear-down
[==========] 1 test from 1 test suite ran. (1 ms total)
[  PASSED  ] 1 test.
<end of output>
Test time =   0.03 sec
----------------------------------------------------------
Test Passed.
"TestCaseConverterJSON.TestConfigVersionMismatchThrows" end time: Jul 09 15:30 +05
"TestCaseConverterJSON.TestConfigVersionMismatchThrows" time elapsed: 00:00:00
----------------------------------------------------------

12/14 Testing: TestCaseConverterJSON.TestRequestsJsonMissingReturnsEmpty
12/14 Test: TestCaseConverterJSON.TestRequestsJsonMissingReturnsEmpty
Command: "/mnt/d/claude/Projects/Устройство на работу/GitHub-repos/cpp-search-engine/build_tmp/search_engine_tests" "--gtest_filter=TestCaseConverterJSON.TestRequestsJsonMissingReturnsEmpty" "--gtest_also_run_disabled_tests"
Directory: /mnt/d/claude/Projects/Устройство на работу/GitHub-repos/cpp-search-engine/build_tmp
"TestCaseConverterJSON.TestRequestsJsonMissingReturnsEmpty" start time: Jul 09 15:30 +05
Output:
----------------------------------------------------------
Running main() from /mnt/d/claude/Projects/Устройство на работу/GitHub-repos/cpp-search-engine/build_tmp/_deps/googletest-src/googletest/src/gtest_main.cc
Note: Google Test filter = TestCaseConverterJSON.TestRequestsJsonMissingReturnsEmpty
[==========] Running 1 test from 1 test suite.
[----------] Global test environment set-up.
[----------] 1 test from TestCaseConverterJSON
[ RUN      ] TestCaseConverterJSON.TestRequestsJsonMissingReturnsEmpty
Warning: requests.json file is missing: requests.json
[       OK ] TestCaseConverterJSON.TestRequestsJsonMissingReturnsEmpty (1 ms)
[----------] 1 test from TestCaseConverterJSON (1 ms total)

[----------] Global test environment tear-down
[==========] 1 test from 1 test suite ran. (1 ms total)
[  PASSED  ] 1 test.
<end of output>
Test time =   0.03 sec
----------------------------------------------------------
Test Passed.
"TestCaseConverterJSON.TestRequestsJsonMissingReturnsEmpty" end time: Jul 09 15:30 +05
"TestCaseConverterJSON.TestRequestsJsonMissingReturnsEmpty" time elapsed: 00:00:00
----------------------------------------------------------

13/14 Testing: TestCaseConverterJSON.TestEmptyResultFormat
13/14 Test: TestCaseConverterJSON.TestEmptyResultFormat
Command: "/mnt/d/claude/Projects/Устройство на работу/GitHub-repos/cpp-search-engine/build_tmp/search_engine_tests" "--gtest_filter=TestCaseConverterJSON.TestEmptyResultFormat" "--gtest_also_run_disabled_tests"
Directory: /mnt/d/claude/Projects/Устройство на работу/GitHub-repos/cpp-search-engine/build_tmp
"TestCaseConverterJSON.TestEmptyResultFormat" start time: Jul 09 15:30 +05
Output:
----------------------------------------------------------
Running main() from /mnt/d/claude/Projects/Устройство на работу/GitHub-repos/cpp-search-engine/build_tmp/_deps/googletest-src/googletest/src/gtest_main.cc
Note: Google Test filter = TestCaseConverterJSON.TestEmptyResultFormat
[==========] Running 1 test from 1 test suite.
[----------] Global test environment set-up.
[----------] 1 test from TestCaseConverterJSON
[ RUN      ] TestCaseConverterJSON.TestEmptyResultFormat
[       OK ] TestCaseConverterJSON.TestEmptyResultFormat (0 ms)
[----------] 1 test from TestCaseConverterJSON (0 ms total)

[----------] Global test environment tear-down
[==========] 1 test from 1 test suite ran. (0 ms total)
[  PASSED  ] 1 test.
<end of output>
Test time =   0.03 sec
----------------------------------------------------------
Test Passed.
"TestCaseConverterJSON.TestEmptyResultFormat" end time: Jul 09 15:30 +05
"TestCaseConverterJSON.TestEmptyResultFormat" time elapsed: 00:00:00
----------------------------------------------------------

14/14 Testing: TestCaseConverterJSON.TestMultipleResultsFormat
14/14 Test: TestCaseConverterJSON.TestMultipleResultsFormat
Command: "/mnt/d/claude/Projects/Устройство на работу/GitHub-repos/cpp-search-engine/build_tmp/search_engine_tests" "--gtest_filter=TestCaseConverterJSON.TestMultipleResultsFormat" "--gtest_also_run_disabled_tests"
Directory: /mnt/d/claude/Projects/Устройство на работу/GitHub-repos/cpp-search-engine/build_tmp
"TestCaseConverterJSON.TestMultipleResultsFormat" start time: Jul 09 15:30 +05
Output:
----------------------------------------------------------
Running main() from /mnt/d/claude/Projects/Устройство на работу/GitHub-repos/cpp-search-engine/build_tmp/_deps/googletest-src/googletest/src/gtest_main.cc
Note: Google Test filter = TestCaseConverterJSON.TestMultipleResultsFormat
[==========] Running 1 test from 1 test suite.
[----------] Global test environment set-up.
[----------] 1 test from TestCaseConverterJSON
[ RUN      ] TestCaseConverterJSON.TestMultipleResultsFormat
[       OK ] TestCaseConverterJSON.TestMultipleResultsFormat (2 ms)
[----------] 1 test from TestCaseConverterJSON (2 ms total)

[----------] Global test environment tear-down
[==========] 1 test from 1 test suite ran. (2 ms total)
[  PASSED  ] 1 test.
<end of output>
Test time =   0.02 sec
----------------------------------------------------------
Test Passed.
"TestCaseConverterJSON.TestMultipleResultsFormat" end time: Jul 09 15:30 +05
"TestCaseConverterJSON.TestMultipleResultsFormat" time elapsed: 00:00:00
----------------------------------------------------------

1/14 Testing: TestCaseInvertedIndex.TestBasic
1/14 Test: TestCaseInvertedIndex.TestBasic
Command: "/mnt/d/claude/Projects/Устройство на работу/GitHub-repos/cpp-search-engine/build_tmp/search_engine_tests" "--gtest_filter=TestCaseInvertedIndex.TestBasic" "--gtest_also_run_disabled_tests"
Directory: /mnt/d/claude/Projects/Устройство на работу/GitHub-repos/cpp-search-engine/build_tmp
"TestCaseInvertedIndex.TestBasic" start time: Jul 09 15:30 +05
Output:
----------------------------------------------------------
Running main() from /mnt/d/claude/Projects/Устройство на работу/GitHub-repos/cpp-search-engine/build_tmp/_deps/googletest-src/googletest/src/gtest_main.cc
Note: Google Test filter = TestCaseInvertedIndex.TestBasic
[==========] Running 1 test from 1 test suite.
[----------] Global test environment set-up.
[----------] 1 test from TestCaseInvertedIndex
[ RUN      ] TestCaseInvertedIndex.TestBasic
[       OK ] TestCaseInvertedIndex.TestBasic (1 ms)
[----------] 1 test from TestCaseInvertedIndex (1 ms total)

[----------] Global test environment tear-down
[==========] 1 test from 1 test suite ran. (1 ms total)
[  PASSED  ] 1 test.
<end of output>
Test time =   0.02 sec
----------------------------------------------------------
Test Passed.
"TestCaseInvertedIndex.TestBasic" end time: Jul 09 15:30 +05
"TestCaseInvertedIndex.TestBasic" time elapsed: 00:00:00
----------------------------------------------------------

End testing: Jul 09 15:30 +05
